<?xml version="1.0" encoding="UTF-8"?>
<!-- Generated by org.testng.reporters.JUnitReportReporter -->
<testsuite skipped="1" hostname="DESKTOP-3KMQB6L" name="test.day4" tests="4" failures="0" timestamp="21 Aug 2020 10:52:31 GMT" time="0.016" errors="0">
  <testcase name="WebLoginHomeLoan" time="0.007" classname="test.day4"/>
  <testcase name="MobileSigninHomeLoan" time="0.007" classname="test.day4"/>
  <testcase name="MobileLoginHomeLoan" time="0.002" classname="test.day4"/>
  <testcase name="MobileSignupHomeLoan" classname="test.day4">
    <skipped/>
  </testcase> <!-- MobileSignupHomeLoan -->
</testsuite> <!-- test.day4 -->
