<?xml version="1.0" encoding="UTF-8"?>
<!-- Generated by org.testng.reporters.JUnitReportReporter -->
<testsuite skipped="0" hostname="DESKTOP-3KMQB6L" name="test.MultipleRun" tests="3" failures="0" timestamp="27 Aug 2020 08:12:22 GMT" time="0.011" errors="0">
  <testcase name="data" time="0.000" classname="test.MultipleRun"/>
  <testcase name="data" time="0.001" classname="test.MultipleRun"/>
  <testcase name="data" time="0.010" classname="test.MultipleRun"/>
</testsuite> <!-- test.MultipleRun -->
