<?xml version="1.0" encoding="UTF-8"?>
<!-- Generated by org.testng.reporters.JUnitReportReporter -->
<testsuite skipped="0" hostname="DESKTOP-3KMQB6L" name="test.day3" tests="6" failures="0" timestamp="21 Aug 2020 10:52:31 GMT" time="9.004" errors="0">
  <testcase name="MobileLoginCarLoan" time="0.005" classname="test.day3"/>
  <testcase name="MobileLoginCarLoan" time="0.003" classname="test.day3"/>
  <testcase name="MobileLoginCarLoan" time="0.003" classname="test.day3"/>
  <testcase name="WebLoginCarLoan" time="0.006" classname="test.day3"/>
  <testcase name="LoginApiCarLoan" time="0.006" classname="test.day3"/>
  <testcase name="Login" time="8.981" classname="test.day3"/>
</testsuite> <!-- test.day3 -->
