<?xml version="1.0" encoding="UTF-8"?>
<!-- Generated by org.testng.reporters.JUnitReportReporter -->
<testsuite skipped="0" hostname="DESKTOP-3KMQB6L" name="test.day2" tests="1" failures="0" timestamp="21 Aug 2020 10:52:31 GMT" time="0.011" errors="0">
  <testcase name="Ploan" time="0.011" classname="test.day2"/>
</testsuite> <!-- test.day2 -->
